Flow report for register32_bit
Tue Aug 20 16:54:04 2019
Quartus II 64-Bit Version 13.0.1 Build 232 06/12/2013 Service Pack 1 SJ Web Edition


---------------------
; Table of Contents ;
---------------------
  1. Legal Notice
  2. Flow Summary
  3. Flow Settings
  4. Flow Non-Default Global Settings
  5. Flow Elapsed Time
  6. Flow OS Summary
  7. Flow Log
  8. Flow Messages
  9. Flow Suppressed Messages



----------------
; Legal Notice ;
----------------
Copyright (C) 1991-2013 Altera Corporation
Your use of Altera Corporation's design tools, logic functions 
and other software and tools, and its AMPP partner logic 
functions, and any output files from any of the foregoing 
(including device programming or simulation files), and any 
associated documentation or information are expressly subject 
to the terms and conditions of the Altera Program License 
Subscription Agreement, Altera MegaCore Function License 
Agreement, or other applicable license agreement, including, 
without limitation, that your use is for the sole purpose of 
programming logic devices manufactured by Altera and sold by 
Altera or its authorized distributors.  Please refer to the 
applicable agreement for further details.



+--------------------------------------------------------------------------------------+
; Flow Summary                                                                         ;
+------------------------------------+-------------------------------------------------+
; Flow Status                        ; Successful - Tue Aug 20 16:54:04 2019           ;
; Quartus II 64-Bit Version          ; 13.0.1 Build 232 06/12/2013 SP 1 SJ Web Edition ;
; Revision Name                      ; register32_bit                                  ;
; Top-level Entity Name              ; q2_pc                                           ;
; Family                             ; Cyclone II                                      ;
; Device                             ; EP2C35F672C6                                    ;
; Timing Models                      ; Final                                           ;
; Total logic elements               ; 62 / 33,216 ( < 1 % )                           ;
;     Total combinational functions  ; 62 / 33,216 ( < 1 % )                           ;
;     Dedicated logic registers      ; 32 / 33,216 ( < 1 % )                           ;
; Total registers                    ; 32                                              ;
; Total pins                         ; 68 / 475 ( 14 % )                               ;
; Total virtual pins                 ; 0                                               ;
; Total memory bits                  ; 0 / 483,840 ( 0 % )                             ;
; Embedded Multiplier 9-bit elements ; 0 / 70 ( 0 % )                                  ;
; Total PLLs                         ; 0 / 4 ( 0 % )                                   ;
+------------------------------------+-------------------------------------------------+


+-----------------------------------------+
; Flow Settings                           ;
+-------------------+---------------------+
; Option            ; Setting             ;
+-------------------+---------------------+
; Start date & time ; 08/20/2019 16:50:07 ;
; Main task         ; Compilation         ;
; Revision Name     ; register32_bit      ;
+-------------------+---------------------+


+-----------------------------------------------------------------------------------------------------------------------+
; Flow Non-Default Global Settings                                                                                      ;
+-------------------------------------+---------------------------------+----------------+-------------+----------------+
; Assignment Name                     ; Value                           ; Default Value  ; Entity Name ; Section Id     ;
+-------------------------------------+---------------------------------+----------------+-------------+----------------+
; COMPILER_SIGNATURE_ID               ; 123745743420046.156630000703640 ; --             ; --          ; --             ;
; EDA_OUTPUT_DATA_FORMAT              ; Verilog Hdl                     ; --             ; --          ; eda_simulation ;
; EDA_SIMULATION_TOOL                 ; ModelSim-Altera (Verilog)       ; <None>         ; --          ; --             ;
; EDA_TIME_SCALE                      ; 1 ps                            ; --             ; --          ; eda_simulation ;
; MAX_CORE_JUNCTION_TEMP              ; 85                              ; --             ; --          ; --             ;
; MIN_CORE_JUNCTION_TEMP              ; 0                               ; --             ; --          ; --             ;
; PARTITION_COLOR                     ; 16764057                        ; --             ; q2_pc       ; Top            ;
; PARTITION_FITTER_PRESERVATION_LEVEL ; PLACEMENT_AND_ROUTING           ; --             ; q2_pc       ; Top            ;
; PARTITION_NETLIST_TYPE              ; SOURCE                          ; --             ; q2_pc       ; Top            ;
; PROJECT_OUTPUT_DIRECTORY            ; output_files                    ; --             ; --          ; --             ;
; TOP_LEVEL_ENTITY                    ; q2_pc                           ; register32_bit ; --          ; --             ;
+-------------------------------------+---------------------------------+----------------+-------------+----------------+


+-------------------------------------------------------------------------------------------------------------------------------+
; Flow Elapsed Time                                                                                                             ;
+---------------------------+--------------+-------------------------+---------------------+------------------------------------+
; Module Name               ; Elapsed Time ; Average Processors Used ; Peak Virtual Memory ; Total CPU Time (on all processors) ;
+---------------------------+--------------+-------------------------+---------------------+------------------------------------+
; Analysis & Synthesis      ; 00:00:01     ; 1.0                     ; 4658 MB             ; 00:00:01                           ;
; Fitter                    ; 00:00:06     ; 1.0                     ; 4901 MB             ; 00:00:06                           ;
; Assembler                 ; 00:00:02     ; 1.0                     ; 4587 MB             ; 00:00:02                           ;
; TimeQuest Timing Analyzer ; 00:00:01     ; 1.0                     ; 4562 MB             ; 00:00:01                           ;
; EDA Netlist Writer        ; 00:00:01     ; 1.0                     ; 4530 MB             ; 00:00:00                           ;
; EDA Netlist Writer        ; 00:00:01     ; 1.0                     ; 4537 MB             ; 00:00:01                           ;
; EDA Netlist Writer        ; 00:00:01     ; 1.0                     ; 4537 MB             ; 00:00:01                           ;
; Total                     ; 00:00:13     ; --                      ; --                  ; 00:00:12                           ;
+---------------------------+--------------+-------------------------+---------------------+------------------------------------+


+----------------------------------------------------------------------------------------+
; Flow OS Summary                                                                        ;
+---------------------------+------------------+-----------+------------+----------------+
; Module Name               ; Machine Hostname ; OS Name   ; OS Version ; Processor type ;
+---------------------------+------------------+-----------+------------+----------------+
; Analysis & Synthesis      ; DESKTOP-SACGQ2I  ; Windows 7 ; 6.2        ; x86_64         ;
; Fitter                    ; DESKTOP-SACGQ2I  ; Windows 7 ; 6.2        ; x86_64         ;
; Assembler                 ; DESKTOP-SACGQ2I  ; Windows 7 ; 6.2        ; x86_64         ;
; TimeQuest Timing Analyzer ; DESKTOP-SACGQ2I  ; Windows 7 ; 6.2        ; x86_64         ;
; EDA Netlist Writer        ; DESKTOP-SACGQ2I  ; Windows 7 ; 6.2        ; x86_64         ;
; EDA Netlist Writer        ; DESKTOP-SACGQ2I  ; Windows 7 ; 6.2        ; x86_64         ;
; EDA Netlist Writer        ; DESKTOP-SACGQ2I  ; Windows 7 ; 6.2        ; x86_64         ;
+---------------------------+------------------+-----------+------------+----------------+


------------
; Flow Log ;
------------
quartus_map --read_settings_files=on --write_settings_files=off register32_bit -c register32_bit
quartus_fit --read_settings_files=off --write_settings_files=off register32_bit -c register32_bit
quartus_asm --read_settings_files=off --write_settings_files=off register32_bit -c register32_bit
quartus_sta register32_bit -c register32_bit
quartus_eda --read_settings_files=off --write_settings_files=off register32_bit -c register32_bit
quartus_eda --gen_testbench --check_outputs=on --tool=modelsim_oem --format=verilog register32_bit -c register32_bit --vector_source=C:/altera/lab3/Waveform2.vwf --testbench_file=./simulation/qsim/register32_bit.vt
quartus_eda --functional=off --timescale=1ps --simulation=on --tool=modelsim_oem --format=verilog register32_bit -c register32_bit



